<?xml version="1.0" encoding="UTF-8"?>
<coverage generated="1774291577724" clover="3.2.0">
  <project timestamp="1774291577724" name="All files">
    <metrics statements="98" coveredstatements="89" conditionals="83" coveredconditionals="64" methods="10" coveredmethods="10" elements="191" coveredelements="163" complexity="0" loc="98" ncloc="98" packages="2" files="5" classes="5"/>
    <package name="permissions">
      <metrics statements="69" coveredstatements="61" conditionals="57" coveredconditionals="46" methods="7" coveredmethods="7"/>
      <file name="evaluator.ts" path="C:\Users\Usuario\Documents\demon\src\permissions\evaluator.ts">
        <metrics statements="59" coveredstatements="51" conditionals="46" coveredconditionals="36" methods="4" coveredmethods="4"/>
        <line num="22" count="3" type="stmt"/>
        <line num="54" count="45" type="stmt"/>
        <line num="56" count="45" type="stmt"/>
        <line num="60" count="45" type="stmt"/>
        <line num="61" count="47" type="stmt"/>
        <line num="62" count="47" type="cond" truecount="1" falsecount="1"/>
        <line num="66" count="47" type="cond" truecount="4" falsecount="0"/>
        <line num="67" count="9" type="stmt"/>
        <line num="73" count="36" type="stmt"/>
        <line num="75" count="36" type="stmt"/>
        <line num="76" count="36" type="stmt"/>
        <line num="78" count="36" type="cond" truecount="2" falsecount="0"/>
        <line num="79" count="33" type="stmt"/>
        <line num="80" count="33" type="stmt"/>
        <line num="84" count="36" type="cond" truecount="2" falsecount="0"/>
        <line num="85" count="3" type="stmt"/>
        <line num="89" count="33" type="cond" truecount="2" falsecount="0"/>
        <line num="90" count="5" type="stmt"/>
        <line num="94" count="28" type="cond" truecount="4" falsecount="0"/>
        <line num="97" count="22" type="stmt"/>
        <line num="98" count="22" type="stmt"/>
        <line num="100" count="9" type="cond" truecount="4" falsecount="0"/>
        <line num="101" count="1" type="stmt"/>
        <line num="106" count="13" type="cond" truecount="1" falsecount="1"/>
        <line num="108" count="0" type="stmt"/>
        <line num="113" count="21" type="stmt"/>
        <line num="116" count="21" type="cond" truecount="2" falsecount="0"/>
        <line num="117" count="64" type="stmt"/>
        <line num="119" count="20" type="cond" truecount="2" falsecount="0"/>
        <line num="120" count="2" type="stmt"/>
        <line num="128" count="25" type="stmt"/>
        <line num="132" count="0" type="stmt"/>
        <line num="133" count="0" type="stmt"/>
        <line num="152" count="3" type="stmt"/>
        <line num="153" count="3" type="stmt"/>
        <line num="156" count="3" type="stmt"/>
        <line num="157" count="6" type="stmt"/>
        <line num="158" count="6" type="cond" truecount="1" falsecount="1"/>
        <line num="162" count="6" type="cond" truecount="3" falsecount="1"/>
        <line num="163" count="0" type="stmt"/>
        <line num="168" count="3" type="stmt"/>
        <line num="170" count="3" type="stmt"/>
        <line num="171" count="3" type="stmt"/>
        <line num="173" count="3" type="cond" truecount="1" falsecount="1"/>
        <line num="174" count="3" type="stmt"/>
        <line num="175" count="3" type="stmt"/>
        <line num="179" count="3" type="cond" truecount="1" falsecount="1"/>
        <line num="180" count="0" type="stmt"/>
        <line num="184" count="3" type="cond" truecount="1" falsecount="1"/>
        <line num="185" count="0" type="stmt"/>
        <line num="189" count="3" type="cond" truecount="2" falsecount="2"/>
        <line num="190" count="3" type="stmt"/>
        <line num="192" count="3" type="cond" truecount="1" falsecount="1"/>
        <line num="193" count="7" type="stmt"/>
        <line num="195" count="3" type="cond" truecount="2" falsecount="0"/>
        <line num="196" count="1" type="stmt"/>
        <line num="201" count="2" type="stmt"/>
        <line num="204" count="0" type="stmt"/>
        <line num="205" count="0" type="stmt"/>
      </file>
      <file name="path-resolver.ts" path="C:\Users\Usuario\Documents\demon\src\permissions\path-resolver.ts">
        <metrics statements="10" coveredstatements="10" conditionals="11" coveredconditionals="10" methods="3" coveredmethods="3"/>
        <line num="16" count="268" type="cond" truecount="2" falsecount="0"/>
        <line num="19" count="267" type="cond" truecount="5" falsecount="0"/>
        <line num="20" count="10" type="stmt"/>
        <line num="23" count="257" type="stmt"/>
        <line num="38" count="260" type="stmt"/>
        <line num="39" count="260" type="stmt"/>
        <line num="57" count="58" type="stmt"/>
        <line num="58" count="58" type="stmt"/>
        <line num="62" count="58" type="cond" truecount="1" falsecount="1"/>
        <line num="68" count="58" type="cond" truecount="2" falsecount="0"/>
      </file>
    </package>
    <package name="tools">
      <metrics statements="29" coveredstatements="28" conditionals="26" coveredconditionals="18" methods="3" coveredmethods="3"/>
      <file name="list-directory.ts" path="C:\Users\Usuario\Documents\demon\src\tools\list-directory.ts">
        <metrics statements="13" coveredstatements="12" conditionals="10" coveredconditionals="6" methods="1" coveredmethods="1"/>
        <line num="7" count="1" type="cond" truecount="3" falsecount="1"/>
        <line num="8" count="1" type="stmt"/>
        <line num="11" count="1" type="stmt"/>
        <line num="12" count="1" type="cond" truecount="1" falsecount="1"/>
        <line num="13" count="0" type="stmt"/>
        <line num="16" count="1" type="stmt"/>
        <line num="17" count="1" type="stmt"/>
        <line num="18" count="1" type="stmt"/>
        <line num="19" count="2" type="stmt"/>
        <line num="20" count="2" type="stmt"/>
        <line num="21" count="2" type="stmt"/>
        <line num="22" count="2" type="stmt"/>
        <line num="33" count="1" type="stmt"/>
      </file>
      <file name="read-file.ts" path="C:\Users\Usuario\Documents\demon\src\tools\read-file.ts">
        <metrics statements="7" coveredstatements="7" conditionals="6" coveredconditionals="5" methods="1" coveredmethods="1"/>
        <line num="7" count="12" type="cond" truecount="3" falsecount="1"/>
        <line num="8" count="12" type="stmt"/>
        <line num="11" count="12" type="stmt"/>
        <line num="12" count="12" type="cond" truecount="2" falsecount="0"/>
        <line num="13" count="7" type="stmt"/>
        <line num="16" count="5" type="stmt"/>
        <line num="17" count="5" type="stmt"/>
      </file>
      <file name="write-file.ts" path="C:\Users\Usuario\Documents\demon\src\tools\write-file.ts">
        <metrics statements="9" coveredstatements="9" conditionals="10" coveredconditionals="7" methods="1" coveredmethods="1"/>
        <line num="7" count="2" type="cond" truecount="3" falsecount="1"/>
        <line num="8" count="2" type="stmt"/>
        <line num="11" count="2" type="stmt"/>
        <line num="12" count="2" type="cond" truecount="2" falsecount="0"/>
        <line num="13" count="1" type="stmt"/>
        <line num="16" count="1" type="stmt"/>
        <line num="17" count="1" type="stmt"/>
        <line num="18" count="1" type="cond" truecount="1" falsecount="1"/>
        <line num="19" count="1" type="cond" truecount="1" falsecount="1"/>
      </file>
    </package>
  </project>
</coverage>
