{"C:\\Users\\Usuario\\Documents\\demon\\src\\permissions\\evaluator.ts": {"path":"C:\\Users\\Usuario\\Documents\\demon\\src\\permissions\\evaluator.ts","statementMap":{"0":{"start":{"line":22,"column":29},"end":{"line":30,"column":null}},"1":{"start":{"line":54,"column":2},"end":{"line":133,"column":null}},"2":{"start":{"line":56,"column":10},"end":{"line":56,"column":51}},"3":{"start":{"line":60,"column":4},"end":{"line":67,"column":null}},"4":{"start":{"line":61,"column":12},"end":{"line":61,"column":52}},"5":{"start":{"line":62,"column":28},"end":{"line":64,"column":null}},"6":{"start":{"line":66,"column":6},"end":{"line":67,"column":null}},"7":{"start":{"line":67,"column":8},"end":{"line":67,"column":null}},"8":{"start":{"line":73,"column":24},"end":{"line":73,"column":null}},"9":{"start":{"line":75,"column":4},"end":{"line":80,"column":null}},"10":{"start":{"line":76,"column":12},"end":{"line":76,"column":50}},"11":{"start":{"line":78,"column":6},"end":{"line":80,"column":null}},"12":{"start":{"line":79,"column":8},"end":{"line":79,"column":null}},"13":{"start":{"line":80,"column":8},"end":{"line":80,"column":null}},"14":{"start":{"line":84,"column":4},"end":{"line":85,"column":null}},"15":{"start":{"line":85,"column":6},"end":{"line":85,"column":null}},"16":{"start":{"line":89,"column":4},"end":{"line":90,"column":null}},"17":{"start":{"line":90,"column":6},"end":{"line":90,"column":null}},"18":{"start":{"line":94,"column":4},"end":{"line":120,"column":null}},"19":{"start":{"line":97,"column":6},"end":{"line":108,"column":null}},"20":{"start":{"line":98,"column":22},"end":{"line":98,"column":49}},"21":{"start":{"line":100,"column":8},"end":{"line":101,"column":null}},"22":{"start":{"line":101,"column":10},"end":{"line":101,"column":null}},"23":{"start":{"line":106,"column":8},"end":{"line":108,"column":null}},"24":{"start":{"line":108,"column":10},"end":{"line":108,"column":null}},"25":{"start":{"line":113,"column":18},"end":{"line":113,"column":58}},"26":{"start":{"line":116,"column":6},"end":{"line":120,"column":null}},"27":{"start":{"line":117,"column":34},"end":{"line":117,"column":93}},"28":{"start":{"line":117,"column":77},"end":{"line":117,"column":92}},"29":{"start":{"line":119,"column":8},"end":{"line":120,"column":null}},"30":{"start":{"line":120,"column":10},"end":{"line":120,"column":null}},"31":{"start":{"line":128,"column":4},"end":{"line":128,"column":null}},"32":{"start":{"line":132,"column":4},"end":{"line":132,"column":null}},"33":{"start":{"line":133,"column":4},"end":{"line":133,"column":null}},"34":{"start":{"line":152,"column":2},"end":{"line":205,"column":null}},"35":{"start":{"line":153,"column":10},"end":{"line":153,"column":51}},"36":{"start":{"line":156,"column":4},"end":{"line":163,"column":null}},"37":{"start":{"line":157,"column":12},"end":{"line":157,"column":52}},"38":{"start":{"line":158,"column":28},"end":{"line":160,"column":null}},"39":{"start":{"line":162,"column":6},"end":{"line":163,"column":null}},"40":{"start":{"line":163,"column":8},"end":{"line":163,"column":null}},"41":{"start":{"line":168,"column":24},"end":{"line":168,"column":null}},"42":{"start":{"line":170,"column":4},"end":{"line":175,"column":null}},"43":{"start":{"line":171,"column":12},"end":{"line":171,"column":50}},"44":{"start":{"line":173,"column":6},"end":{"line":175,"column":null}},"45":{"start":{"line":174,"column":8},"end":{"line":174,"column":null}},"46":{"start":{"line":175,"column":8},"end":{"line":175,"column":null}},"47":{"start":{"line":179,"column":4},"end":{"line":180,"column":null}},"48":{"start":{"line":180,"column":6},"end":{"line":180,"column":null}},"49":{"start":{"line":184,"column":4},"end":{"line":185,"column":null}},"50":{"start":{"line":185,"column":6},"end":{"line":185,"column":null}},"51":{"start":{"line":189,"column":4},"end":{"line":196,"column":null}},"52":{"start":{"line":190,"column":18},"end":{"line":190,"column":58}},"53":{"start":{"line":192,"column":6},"end":{"line":196,"column":null}},"54":{"start":{"line":193,"column":34},"end":{"line":193,"column":93}},"55":{"start":{"line":193,"column":77},"end":{"line":193,"column":92}},"56":{"start":{"line":195,"column":8},"end":{"line":196,"column":null}},"57":{"start":{"line":196,"column":10},"end":{"line":196,"column":null}},"58":{"start":{"line":201,"column":4},"end":{"line":201,"column":null}},"59":{"start":{"line":204,"column":4},"end":{"line":204,"column":null}},"60":{"start":{"line":205,"column":4},"end":{"line":205,"column":null}}},"fnMap":{"0":{"name":"checkPermission","decl":{"start":{"line":49,"column":22},"end":{"line":49,"column":null}},"loc":{"start":{"line":53,"column":29},"end":{"line":133,"column":null}},"line":53},"1":{"name":"(anonymous_1)","decl":{"start":{"line":117,"column":68},"end":{"line":117,"column":72}},"loc":{"start":{"line":117,"column":77},"end":{"line":117,"column":92}},"line":117},"2":{"name":"checkPermissionSync","decl":{"start":{"line":147,"column":16},"end":{"line":147,"column":null}},"loc":{"start":{"line":151,"column":20},"end":{"line":205,"column":null}},"line":151},"3":{"name":"(anonymous_3)","decl":{"start":{"line":193,"column":68},"end":{"line":193,"column":72}},"loc":{"start":{"line":193,"column":77},"end":{"line":193,"column":92}},"line":193}},"branchMap":{"0":{"loc":{"start":{"line":62,"column":28},"end":{"line":64,"column":null}},"type":"cond-expr","locations":[{"start":{"line":63,"column":10},"end":{"line":63,"column":null}},{"start":{"line":64,"column":10},"end":{"line":64,"column":null}}],"line":62},"1":{"loc":{"start":{"line":66,"column":6},"end":{"line":67,"column":null}},"type":"if","locations":[{"start":{"line":66,"column":6},"end":{"line":67,"column":null}},{"start":{},"end":{}}],"line":66},"2":{"loc":{"start":{"line":66,"column":10},"end":{"line":66,"column":83}},"type":"binary-expr","locations":[{"start":{"line":66,"column":10},"end":{"line":66,"column":45}},{"start":{"line":66,"column":45},"end":{"line":66,"column":83}}],"line":66},"3":{"loc":{"start":{"line":78,"column":6},"end":{"line":80,"column":null}},"type":"if","locations":[{"start":{"line":78,"column":6},"end":{"line":80,"column":null}},{"start":{},"end":{}}],"line":78},"4":{"loc":{"start":{"line":84,"column":4},"end":{"line":85,"column":null}},"type":"if","locations":[{"start":{"line":84,"column":4},"end":{"line":85,"column":null}},{"start":{},"end":{}}],"line":84},"5":{"loc":{"start":{"line":89,"column":4},"end":{"line":90,"column":null}},"type":"if","locations":[{"start":{"line":89,"column":4},"end":{"line":90,"column":null}},{"start":{},"end":{}}],"line":89},"6":{"loc":{"start":{"line":94,"column":4},"end":{"line":120,"column":null}},"type":"if","locations":[{"start":{"line":94,"column":4},"end":{"line":120,"column":null}},{"start":{},"end":{}}],"line":94},"7":{"loc":{"start":{"line":94,"column":8},"end":{"line":94,"column":55}},"type":"binary-expr","locations":[{"start":{"line":94,"column":8},"end":{"line":94,"column":32}},{"start":{"line":94,"column":32},"end":{"line":94,"column":55}}],"line":94},"8":{"loc":{"start":{"line":100,"column":8},"end":{"line":101,"column":null}},"type":"if","locations":[{"start":{"line":100,"column":8},"end":{"line":101,"column":null}},{"start":{},"end":{}}],"line":100},"9":{"loc":{"start":{"line":100,"column":12},"end":{"line":100,"column":77}},"type":"binary-expr","locations":[{"start":{"line":100,"column":12},"end":{"line":100,"column":26}},{"start":{"line":100,"column":30},"end":{"line":100,"column":77}}],"line":100},"10":{"loc":{"start":{"line":106,"column":8},"end":{"line":108,"column":null}},"type":"if","locations":[{"start":{"line":106,"column":8},"end":{"line":108,"column":null}},{"start":{},"end":{}}],"line":106},"11":{"loc":{"start":{"line":116,"column":6},"end":{"line":120,"column":null}},"type":"if","locations":[{"start":{"line":116,"column":6},"end":{"line":120,"column":null}},{"start":{},"end":{}}],"line":116},"12":{"loc":{"start":{"line":119,"column":8},"end":{"line":120,"column":null}},"type":"if","locations":[{"start":{"line":119,"column":8},"end":{"line":120,"column":null}},{"start":{},"end":{}}],"line":119},"13":{"loc":{"start":{"line":158,"column":28},"end":{"line":160,"column":null}},"type":"cond-expr","locations":[{"start":{"line":159,"column":10},"end":{"line":159,"column":null}},{"start":{"line":160,"column":10},"end":{"line":160,"column":null}}],"line":158},"14":{"loc":{"start":{"line":162,"column":6},"end":{"line":163,"column":null}},"type":"if","locations":[{"start":{"line":162,"column":6},"end":{"line":163,"column":null}},{"start":{},"end":{}}],"line":162},"15":{"loc":{"start":{"line":162,"column":10},"end":{"line":162,"column":83}},"type":"binary-expr","locations":[{"start":{"line":162,"column":10},"end":{"line":162,"column":45}},{"start":{"line":162,"column":45},"end":{"line":162,"column":83}}],"line":162},"16":{"loc":{"start":{"line":173,"column":6},"end":{"line":175,"column":null}},"type":"if","locations":[{"start":{"line":173,"column":6},"end":{"line":175,"column":null}},{"start":{},"end":{}}],"line":173},"17":{"loc":{"start":{"line":179,"column":4},"end":{"line":180,"column":null}},"type":"if","locations":[{"start":{"line":179,"column":4},"end":{"line":180,"column":null}},{"start":{},"end":{}}],"line":179},"18":{"loc":{"start":{"line":184,"column":4},"end":{"line":185,"column":null}},"type":"if","locations":[{"start":{"line":184,"column":4},"end":{"line":185,"column":null}},{"start":{},"end":{}}],"line":184},"19":{"loc":{"start":{"line":189,"column":4},"end":{"line":196,"column":null}},"type":"if","locations":[{"start":{"line":189,"column":4},"end":{"line":196,"column":null}},{"start":{},"end":{}}],"line":189},"20":{"loc":{"start":{"line":189,"column":8},"end":{"line":189,"column":55}},"type":"binary-expr","locations":[{"start":{"line":189,"column":8},"end":{"line":189,"column":32}},{"start":{"line":189,"column":32},"end":{"line":189,"column":55}}],"line":189},"21":{"loc":{"start":{"line":192,"column":6},"end":{"line":196,"column":null}},"type":"if","locations":[{"start":{"line":192,"column":6},"end":{"line":196,"column":null}},{"start":{},"end":{}}],"line":192},"22":{"loc":{"start":{"line":195,"column":8},"end":{"line":196,"column":null}},"type":"if","locations":[{"start":{"line":195,"column":8},"end":{"line":196,"column":null}},{"start":{},"end":{}}],"line":195}},"s":{"0":3,"1":45,"2":45,"3":45,"4":47,"5":47,"6":47,"7":9,"8":36,"9":36,"10":36,"11":36,"12":33,"13":33,"14":36,"15":3,"16":33,"17":5,"18":28,"19":22,"20":22,"21":9,"22":1,"23":13,"24":0,"25":21,"26":21,"27":20,"28":64,"29":20,"30":2,"31":25,"32":0,"33":0,"34":3,"35":3,"36":3,"37":6,"38":6,"39":6,"40":0,"41":3,"42":3,"43":3,"44":3,"45":3,"46":3,"47":3,"48":0,"49":3,"50":0,"51":3,"52":3,"53":3,"54":3,"55":7,"56":3,"57":1,"58":2,"59":0,"60":0},"f":{"0":45,"1":64,"2":3,"3":7},"b":{"0":[0,47],"1":[9,38],"2":[47,46],"3":[33,3],"4":[3,33],"5":[5,28],"6":[22,6],"7":[28,9],"8":[1,8],"9":[9,9],"10":[0,13],"11":[20,1],"12":[2,18],"13":[0,6],"14":[0,6],"15":[6,6],"16":[3,0],"17":[0,3],"18":[0,3],"19":[3,0],"20":[3,0],"21":[3,0],"22":[1,2]},"meta":{"lastBranch":23,"lastFunction":4,"lastStatement":61,"seen":{"s:22:29:30:Infinity":0,"f:49:22:49:Infinity":0,"s:54:2:133:Infinity":1,"s:56:10:56:51":2,"s:60:4:67:Infinity":3,"s:61:12:61:52":4,"s:62:28:64:Infinity":5,"b:63:10:63:Infinity:64:10:64:Infinity":0,"b:66:6:67:Infinity:undefined:undefined:undefined:undefined":1,"s:66:6:67:Infinity":6,"b:66:10:66:45:66:45:66:83":2,"s:67:8:67:Infinity":7,"s:73:24:73:Infinity":8,"s:75:4:80:Infinity":9,"s:76:12:76:50":10,"b:78:6:80:Infinity:undefined:undefined:undefined:undefined":3,"s:78:6:80:Infinity":11,"s:79:8:79:Infinity":12,"s:80:8:80:Infinity":13,"b:84:4:85:Infinity:undefined:undefined:undefined:undefined":4,"s:84:4:85:Infinity":14,"s:85:6:85:Infinity":15,"b:89:4:90:Infinity:undefined:undefined:undefined:undefined":5,"s:89:4:90:Infinity":16,"s:90:6:90:Infinity":17,"b:94:4:120:Infinity:undefined:undefined:undefined:undefined":6,"s:94:4:120:Infinity":18,"b:94:8:94:32:94:32:94:55":7,"s:97:6:108:Infinity":19,"s:98:22:98:49":20,"b:100:8:101:Infinity:undefined:undefined:undefined:undefined":8,"s:100:8:101:Infinity":21,"b:100:12:100:26:100:30:100:77":9,"s:101:10:101:Infinity":22,"b:106:8:108:Infinity:undefined:undefined:undefined:undefined":10,"s:106:8:108:Infinity":23,"s:108:10:108:Infinity":24,"s:113:18:113:58":25,"b:116:6:120:Infinity:undefined:undefined:undefined:undefined":11,"s:116:6:120:Infinity":26,"s:117:34:117:93":27,"f:117:68:117:72":1,"s:117:77:117:92":28,"b:119:8:120:Infinity:undefined:undefined:undefined:undefined":12,"s:119:8:120:Infinity":29,"s:120:10:120:Infinity":30,"s:128:4:128:Infinity":31,"s:132:4:132:Infinity":32,"s:133:4:133:Infinity":33,"f:147:16:147:Infinity":2,"s:152:2:205:Infinity":34,"s:153:10:153:51":35,"s:156:4:163:Infinity":36,"s:157:12:157:52":37,"s:158:28:160:Infinity":38,"b:159:10:159:Infinity:160:10:160:Infinity":13,"b:162:6:163:Infinity:undefined:undefined:undefined:undefined":14,"s:162:6:163:Infinity":39,"b:162:10:162:45:162:45:162:83":15,"s:163:8:163:Infinity":40,"s:168:24:168:Infinity":41,"s:170:4:175:Infinity":42,"s:171:12:171:50":43,"b:173:6:175:Infinity:undefined:undefined:undefined:undefined":16,"s:173:6:175:Infinity":44,"s:174:8:174:Infinity":45,"s:175:8:175:Infinity":46,"b:179:4:180:Infinity:undefined:undefined:undefined:undefined":17,"s:179:4:180:Infinity":47,"s:180:6:180:Infinity":48,"b:184:4:185:Infinity:undefined:undefined:undefined:undefined":18,"s:184:4:185:Infinity":49,"s:185:6:185:Infinity":50,"b:189:4:196:Infinity:undefined:undefined:undefined:undefined":19,"s:189:4:196:Infinity":51,"b:189:8:189:32:189:32:189:55":20,"s:190:18:190:58":52,"b:192:6:196:Infinity:undefined:undefined:undefined:undefined":21,"s:192:6:196:Infinity":53,"s:193:34:193:93":54,"f:193:68:193:72":3,"s:193:77:193:92":55,"b:195:8:196:Infinity:undefined:undefined:undefined:undefined":22,"s:195:8:196:Infinity":56,"s:196:10:196:Infinity":57,"s:201:4:201:Infinity":58,"s:204:4:204:Infinity":59,"s:205:4:205:Infinity":60}}}
,"C:\\Users\\Usuario\\Documents\\demon\\src\\permissions\\path-resolver.ts": {"path":"C:\\Users\\Usuario\\Documents\\demon\\src\\permissions\\path-resolver.ts","statementMap":{"0":{"start":{"line":16,"column":2},"end":{"line":16,"column":null}},"1":{"start":{"line":16,"column":10},"end":{"line":16,"column":null}},"2":{"start":{"line":19,"column":2},"end":{"line":20,"column":null}},"3":{"start":{"line":20,"column":4},"end":{"line":20,"column":null}},"4":{"start":{"line":23,"column":2},"end":{"line":23,"column":null}},"5":{"start":{"line":38,"column":19},"end":{"line":38,"column":32}},"6":{"start":{"line":39,"column":2},"end":{"line":39,"column":null}},"7":{"start":{"line":57,"column":28},"end":{"line":57,"column":54}},"8":{"start":{"line":58,"column":23},"end":{"line":58,"column":47}},"9":{"start":{"line":62,"column":22},"end":{"line":64,"column":null}},"10":{"start":{"line":68,"column":2},"end":{"line":68,"column":null}}},"fnMap":{"0":{"name":"expandHome","decl":{"start":{"line":15,"column":16},"end":{"line":15,"column":27}},"loc":{"start":{"line":15,"column":46},"end":{"line":23,"column":null}},"line":15},"1":{"name":"resolvePath","decl":{"start":{"line":37,"column":16},"end":{"line":37,"column":28}},"loc":{"start":{"line":37,"column":47},"end":{"line":39,"column":null}},"line":37},"2":{"name":"isPathSafe","decl":{"start":{"line":55,"column":16},"end":{"line":55,"column":27}},"loc":{"start":{"line":55,"column":80},"end":{"line":68,"column":null}},"line":55}},"branchMap":{"0":{"loc":{"start":{"line":16,"column":2},"end":{"line":16,"column":null}},"type":"if","locations":[{"start":{"line":16,"column":2},"end":{"line":16,"column":null}},{"start":{},"end":{}}],"line":16},"1":{"loc":{"start":{"line":19,"column":2},"end":{"line":20,"column":null}},"type":"if","locations":[{"start":{"line":19,"column":2},"end":{"line":20,"column":null}},{"start":{},"end":{}}],"line":19},"2":{"loc":{"start":{"line":19,"column":6},"end":{"line":19,"column":60}},"type":"binary-expr","locations":[{"start":{"line":19,"column":6},"end":{"line":19,"column":19}},{"start":{"line":19,"column":19},"end":{"line":19,"column":37}},{"start":{"line":19,"column":41},"end":{"line":19,"column":60}}],"line":19},"3":{"loc":{"start":{"line":62,"column":22},"end":{"line":64,"column":null}},"type":"cond-expr","locations":[{"start":{"line":63,"column":6},"end":{"line":63,"column":null}},{"start":{"line":64,"column":6},"end":{"line":64,"column":null}}],"line":62},"4":{"loc":{"start":{"line":68,"column":9},"end":{"line":68,"column":88}},"type":"binary-expr","locations":[{"start":{"line":68,"column":9},"end":{"line":68,"column":47}},{"start":{"line":68,"column":47},"end":{"line":68,"column":88}}],"line":68}},"s":{"0":268,"1":1,"2":267,"3":10,"4":257,"5":260,"6":260,"7":58,"8":58,"9":58,"10":58},"f":{"0":268,"1":260,"2":58},"b":{"0":[1,267],"1":[10,257],"2":[267,266,258],"3":[0,58],"4":[58,49]},"meta":{"lastBranch":5,"lastFunction":3,"lastStatement":11,"seen":{"f:15:16:15:27":0,"b:16:2:16:Infinity:undefined:undefined:undefined:undefined":0,"s:16:2:16:Infinity":0,"s:16:10:16:Infinity":1,"b:19:2:20:Infinity:undefined:undefined:undefined:undefined":1,"s:19:2:20:Infinity":2,"b:19:6:19:19:19:19:19:37:19:41:19:60":2,"s:20:4:20:Infinity":3,"s:23:2:23:Infinity":4,"f:37:16:37:28":1,"s:38:19:38:32":5,"s:39:2:39:Infinity":6,"f:55:16:55:27":2,"s:57:28:57:54":7,"s:58:23:58:47":8,"s:62:22:64:Infinity":9,"b:63:6:63:Infinity:64:6:64:Infinity":3,"s:68:2:68:Infinity":10,"b:68:9:68:47:68:47:68:88":4}}}
,"C:\\Users\\Usuario\\Documents\\demon\\src\\tools\\list-directory.ts": {"path":"C:\\Users\\Usuario\\Documents\\demon\\src\\tools\\list-directory.ts","statementMap":{"0":{"start":{"line":7,"column":2},"end":{"line":7,"column":null}},"1":{"start":{"line":7,"column":48},"end":{"line":7,"column":null}},"2":{"start":{"line":8,"column":19},"end":{"line":8,"column":43}},"3":{"start":{"line":11,"column":21},"end":{"line":11,"column":68}},"4":{"start":{"line":12,"column":2},"end":{"line":13,"column":null}},"5":{"start":{"line":13,"column":4},"end":{"line":13,"column":null}},"6":{"start":{"line":16,"column":18},"end":{"line":16,"column":69}},"7":{"start":{"line":17,"column":25},"end":{"line":17,"column":27}},"8":{"start":{"line":18,"column":2},"end":{"line":29,"column":null}},"9":{"start":{"line":19,"column":4},"end":{"line":29,"column":null}},"10":{"start":{"line":20,"column":19},"end":{"line":20,"column":46}},"11":{"start":{"line":21,"column":19},"end":{"line":21,"column":39}},"12":{"start":{"line":22,"column":6},"end":{"line":28,"column":null}},"13":{"start":{"line":33,"column":2},"end":{"line":33,"column":null}}},"fnMap":{"0":{"name":"listDirectoryTool","decl":{"start":{"line":6,"column":30},"end":{"line":6,"column":48}},"loc":{"start":{"line":6,"column":89},"end":{"line":33,"column":null}},"line":6}},"branchMap":{"0":{"loc":{"start":{"line":7,"column":2},"end":{"line":7,"column":null}},"type":"if","locations":[{"start":{"line":7,"column":2},"end":{"line":7,"column":null}},{"start":{},"end":{}}],"line":7},"1":{"loc":{"start":{"line":7,"column":6},"end":{"line":7,"column":48}},"type":"binary-expr","locations":[{"start":{"line":7,"column":6},"end":{"line":7,"column":16}},{"start":{"line":7,"column":16},"end":{"line":7,"column":48}}],"line":7},"2":{"loc":{"start":{"line":12,"column":2},"end":{"line":13,"column":null}},"type":"if","locations":[{"start":{"line":12,"column":2},"end":{"line":13,"column":null}},{"start":{},"end":{}}],"line":12},"3":{"loc":{"start":{"line":24,"column":14},"end":{"line":24,"column":null}},"type":"cond-expr","locations":[{"start":{"line":24,"column":32},"end":{"line":24,"column":46}},{"start":{"line":24,"column":46},"end":{"line":24,"column":null}}],"line":24},"4":{"loc":{"start":{"line":24,"column":46},"end":{"line":24,"column":null}},"type":"cond-expr","locations":[{"start":{"line":24,"column":67},"end":{"line":24,"column":79}},{"start":{"line":24,"column":79},"end":{"line":24,"column":null}}],"line":24}},"s":{"0":1,"1":0,"2":1,"3":1,"4":1,"5":0,"6":1,"7":1,"8":1,"9":2,"10":2,"11":2,"12":2,"13":1},"f":{"0":1},"b":{"0":[0,1],"1":[1,1],"2":[0,1],"3":[0,2],"4":[0,2]},"meta":{"lastBranch":5,"lastFunction":1,"lastStatement":14,"seen":{"f:6:30:6:48":0,"b:7:2:7:Infinity:undefined:undefined:undefined:undefined":0,"s:7:2:7:Infinity":0,"b:7:6:7:16:7:16:7:48":1,"s:7:48:7:Infinity":1,"s:8:19:8:43":2,"s:11:21:11:68":3,"b:12:2:13:Infinity:undefined:undefined:undefined:undefined":2,"s:12:2:13:Infinity":4,"s:13:4:13:Infinity":5,"s:16:18:16:69":6,"s:17:25:17:27":7,"s:18:2:29:Infinity":8,"s:19:4:29:Infinity":9,"s:20:19:20:46":10,"s:21:19:21:39":11,"s:22:6:28:Infinity":12,"b:24:32:24:46:24:46:24:Infinity":3,"b:24:67:24:79:24:79:24:Infinity":4,"s:33:2:33:Infinity":13}}}
,"C:\\Users\\Usuario\\Documents\\demon\\src\\tools\\read-file.ts": {"path":"C:\\Users\\Usuario\\Documents\\demon\\src\\tools\\read-file.ts","statementMap":{"0":{"start":{"line":7,"column":2},"end":{"line":7,"column":null}},"1":{"start":{"line":7,"column":48},"end":{"line":7,"column":null}},"2":{"start":{"line":8,"column":19},"end":{"line":8,"column":43}},"3":{"start":{"line":11,"column":21},"end":{"line":11,"column":68}},"4":{"start":{"line":12,"column":2},"end":{"line":13,"column":null}},"5":{"start":{"line":13,"column":4},"end":{"line":13,"column":null}},"6":{"start":{"line":16,"column":18},"end":{"line":16,"column":53}},"7":{"start":{"line":17,"column":2},"end":{"line":17,"column":null}}},"fnMap":{"0":{"name":"readFileTool","decl":{"start":{"line":6,"column":30},"end":{"line":6,"column":43}},"loc":{"start":{"line":6,"column":84},"end":{"line":17,"column":null}},"line":6}},"branchMap":{"0":{"loc":{"start":{"line":7,"column":2},"end":{"line":7,"column":null}},"type":"if","locations":[{"start":{"line":7,"column":2},"end":{"line":7,"column":null}},{"start":{},"end":{}}],"line":7},"1":{"loc":{"start":{"line":7,"column":6},"end":{"line":7,"column":48}},"type":"binary-expr","locations":[{"start":{"line":7,"column":6},"end":{"line":7,"column":16}},{"start":{"line":7,"column":16},"end":{"line":7,"column":48}}],"line":7},"2":{"loc":{"start":{"line":12,"column":2},"end":{"line":13,"column":null}},"type":"if","locations":[{"start":{"line":12,"column":2},"end":{"line":13,"column":null}},{"start":{},"end":{}}],"line":12}},"s":{"0":12,"1":0,"2":12,"3":12,"4":12,"5":7,"6":5,"7":5},"f":{"0":12},"b":{"0":[0,12],"1":[12,12],"2":[7,5]},"meta":{"lastBranch":3,"lastFunction":1,"lastStatement":8,"seen":{"f:6:30:6:43":0,"b:7:2:7:Infinity:undefined:undefined:undefined:undefined":0,"s:7:2:7:Infinity":0,"b:7:6:7:16:7:16:7:48":1,"s:7:48:7:Infinity":1,"s:8:19:8:43":2,"s:11:21:11:68":3,"b:12:2:13:Infinity:undefined:undefined:undefined:undefined":2,"s:12:2:13:Infinity":4,"s:13:4:13:Infinity":5,"s:16:18:16:53":6,"s:17:2:17:Infinity":7}}}
,"C:\\Users\\Usuario\\Documents\\demon\\src\\tools\\write-file.ts": {"path":"C:\\Users\\Usuario\\Documents\\demon\\src\\tools\\write-file.ts","statementMap":{"0":{"start":{"line":7,"column":2},"end":{"line":7,"column":null}},"1":{"start":{"line":7,"column":48},"end":{"line":7,"column":null}},"2":{"start":{"line":8,"column":19},"end":{"line":8,"column":43}},"3":{"start":{"line":11,"column":21},"end":{"line":11,"column":69}},"4":{"start":{"line":12,"column":2},"end":{"line":13,"column":null}},"5":{"start":{"line":13,"column":4},"end":{"line":13,"column":null}},"6":{"start":{"line":16,"column":14},"end":{"line":16,"column":36}},"7":{"start":{"line":17,"column":2},"end":{"line":17,"column":null}},"8":{"start":{"line":18,"column":2},"end":{"line":18,"column":null}},"9":{"start":{"line":19,"column":2},"end":{"line":19,"column":null}}},"fnMap":{"0":{"name":"writeFileTool","decl":{"start":{"line":6,"column":30},"end":{"line":6,"column":44}},"loc":{"start":{"line":6,"column":102},"end":{"line":19,"column":null}},"line":6}},"branchMap":{"0":{"loc":{"start":{"line":7,"column":2},"end":{"line":7,"column":null}},"type":"if","locations":[{"start":{"line":7,"column":2},"end":{"line":7,"column":null}},{"start":{},"end":{}}],"line":7},"1":{"loc":{"start":{"line":7,"column":6},"end":{"line":7,"column":48}},"type":"binary-expr","locations":[{"start":{"line":7,"column":6},"end":{"line":7,"column":16}},{"start":{"line":7,"column":16},"end":{"line":7,"column":48}}],"line":7},"2":{"loc":{"start":{"line":12,"column":2},"end":{"line":13,"column":null}},"type":"if","locations":[{"start":{"line":12,"column":2},"end":{"line":13,"column":null}},{"start":{},"end":{}}],"line":12},"3":{"loc":{"start":{"line":18,"column":31},"end":{"line":18,"column":52}},"type":"binary-expr","locations":[{"start":{"line":18,"column":31},"end":{"line":18,"column":48}},{"start":{"line":18,"column":48},"end":{"line":18,"column":52}}],"line":18},"4":{"loc":{"start":{"line":19,"column":52},"end":{"line":19,"column":73}},"type":"binary-expr","locations":[{"start":{"line":19,"column":52},"end":{"line":19,"column":69}},{"start":{"line":19,"column":69},"end":{"line":19,"column":73}}],"line":19}},"s":{"0":2,"1":0,"2":2,"3":2,"4":2,"5":1,"6":1,"7":1,"8":1,"9":1},"f":{"0":2},"b":{"0":[0,2],"1":[2,2],"2":[1,1],"3":[1,0],"4":[1,0]},"meta":{"lastBranch":5,"lastFunction":1,"lastStatement":10,"seen":{"f:6:30:6:44":0,"b:7:2:7:Infinity:undefined:undefined:undefined:undefined":0,"s:7:2:7:Infinity":0,"b:7:6:7:16:7:16:7:48":1,"s:7:48:7:Infinity":1,"s:8:19:8:43":2,"s:11:21:11:69":3,"b:12:2:13:Infinity:undefined:undefined:undefined:undefined":2,"s:12:2:13:Infinity":4,"s:13:4:13:Infinity":5,"s:16:14:16:36":6,"s:17:2:17:Infinity":7,"s:18:2:18:Infinity":8,"b:18:31:18:48:18:48:18:52":3,"s:19:2:19:Infinity":9,"b:19:52:19:69:19:69:19:73":4}}}
}
